{"C:\\Users\\kumar\\Desktop\\namaste-react\\src\\components\\Body.js": {"path":"C:\\Users\\kumar\\Desktop\\namaste-react\\src\\components\\Body.js","statementMap":{"0":{"start":{"line":9,"column":13},"end":{"line":108,"column":13}},"1":{"start":{"line":11,"column":53},"end":{"line":11,"column":65}},"2":{"start":{"line":13,"column":56},"end":{"line":13,"column":68}},"3":{"start":{"line":15,"column":40},"end":{"line":15,"column":52}},"4":{"start":{"line":18,"column":4},"end":{"line":20,"column":11}},"5":{"start":{"line":19,"column":8},"end":{"line":19,"column":20}},"6":{"start":{"line":22,"column":22},"end":{"line":33,"column":5}},"7":{"start":{"line":23,"column":22},"end":{"line":25,"column":9}},"8":{"start":{"line":27,"column":21},"end":{"line":27,"column":38}},"9":{"start":{"line":28,"column":8},"end":{"line":28,"column":26}},"10":{"start":{"line":31,"column":8},"end":{"line":31,"column":104}},"11":{"start":{"line":32,"column":8},"end":{"line":32,"column":106}},"12":{"start":{"line":36,"column":25},"end":{"line":36,"column":42}},"13":{"start":{"line":38,"column":4},"end":{"line":43,"column":6}},"14":{"start":{"line":39,"column":8},"end":{"line":43,"column":6}},"15":{"start":{"line":45,"column":40},"end":{"line":45,"column":63}},"16":{"start":{"line":49,"column":0},"end":{"line":107,"column":14}},"17":{"start":{"line":58,"column":12},"end":{"line":58,"column":42}},"18":{"start":{"line":66,"column":35},"end":{"line":68,"column":9}},"19":{"start":{"line":67,"column":21},"end":{"line":67,"column":83}},"20":{"start":{"line":70,"column":8},"end":{"line":70,"column":50}},"21":{"start":{"line":81,"column":25},"end":{"line":84,"column":1}},"22":{"start":{"line":82,"column":17},"end":{"line":82,"column":41}},"23":{"start":{"line":85,"column":0},"end":{"line":85,"column":34}},"24":{"start":{"line":94,"column":25},"end":{"line":94,"column":52}},"25":{"start":{"line":100,"column":12},"end":{"line":102,"column":19}}},"fnMap":{"0":{"name":"(anonymous_0)","decl":{"start":{"line":9,"column":13},"end":{"line":9,"column":14}},"loc":{"start":{"line":9,"column":18},"end":{"line":108,"column":13}},"line":9},"1":{"name":"(anonymous_1)","decl":{"start":{"line":18,"column":14},"end":{"line":18,"column":15}},"loc":{"start":{"line":18,"column":20},"end":{"line":20,"column":5}},"line":18},"2":{"name":"(anonymous_2)","decl":{"start":{"line":22,"column":22},"end":{"line":22,"column":23}},"loc":{"start":{"line":22,"column":34},"end":{"line":33,"column":5}},"line":22},"3":{"name":"(anonymous_3)","decl":{"start":{"line":57,"column":18},"end":{"line":57,"column":19}},"loc":{"start":{"line":57,"column":25},"end":{"line":59,"column":9}},"line":57},"4":{"name":"(anonymous_4)","decl":{"start":{"line":62,"column":18},"end":{"line":62,"column":19}},"loc":{"start":{"line":62,"column":23},"end":{"line":72,"column":9}},"line":62},"5":{"name":"(anonymous_5)","decl":{"start":{"line":67,"column":12},"end":{"line":67,"column":13}},"loc":{"start":{"line":67,"column":21},"end":{"line":67,"column":83}},"line":67},"6":{"name":"(anonymous_6)","decl":{"start":{"line":79,"column":9},"end":{"line":79,"column":10}},"loc":{"start":{"line":79,"column":14},"end":{"line":86,"column":1}},"line":79},"7":{"name":"(anonymous_7)","decl":{"start":{"line":82,"column":8},"end":{"line":82,"column":9}},"loc":{"start":{"line":82,"column":17},"end":{"line":82,"column":41}},"line":82},"8":{"name":"(anonymous_8)","decl":{"start":{"line":94,"column":18},"end":{"line":94,"column":19}},"loc":{"start":{"line":94,"column":25},"end":{"line":94,"column":52}},"line":94},"9":{"name":"(anonymous_9)","decl":{"start":{"line":99,"column":36},"end":{"line":99,"column":37}},"loc":{"start":{"line":100,"column":12},"end":{"line":102,"column":19}},"line":100}},"branchMap":{"0":{"loc":{"start":{"line":38,"column":4},"end":{"line":43,"column":6}},"type":"if","locations":[{"start":{"line":38,"column":4},"end":{"line":43,"column":6}},{"start":{},"end":{}}],"line":38},"1":{"loc":{"start":{"line":49,"column":7},"end":{"line":107,"column":13}},"type":"cond-expr","locations":[{"start":{"line":49,"column":38},"end":{"line":49,"column":50}},{"start":{"line":50,"column":0},"end":{"line":106,"column":22}}],"line":49}},"s":{"0":1,"1":2,"2":2,"3":2,"4":2,"5":1,"6":2,"7":1,"8":1,"9":1,"10":1,"11":1,"12":2,"13":2,"14":0,"15":2,"16":2,"17":0,"18":0,"19":0,"20":0,"21":0,"22":0,"23":0,"24":0,"25":20},"f":{"0":2,"1":1,"2":1,"3":0,"4":0,"5":0,"6":0,"7":0,"8":0,"9":20},"b":{"0":[0,2],"1":[1,1]},"_coverageSchema":"1a1c01bbd47fc00a2c39e90264f33305004495a9","hash":"9d48f9894c2c59279cae3e0a2cdf805cc1b64271"}
,"C:\\Users\\kumar\\Desktop\\namaste-react\\src\\components\\Contact.js": {"path":"C:\\Users\\kumar\\Desktop\\namaste-react\\src\\components\\Contact.js","statementMap":{"0":{"start":{"line":1,"column":16},"end":{"line":13,"column":1}},"1":{"start":{"line":2,"column":2},"end":{"line":12,"column":4}}},"fnMap":{"0":{"name":"(anonymous_0)","decl":{"start":{"line":1,"column":16},"end":{"line":1,"column":17}},"loc":{"start":{"line":1,"column":21},"end":{"line":13,"column":1}},"line":1}},"branchMap":{},"s":{"0":1,"1":4},"f":{"0":4},"b":{},"_coverageSchema":"1a1c01bbd47fc00a2c39e90264f33305004495a9","hash":"1c01c0f5cc3981afb33423a954792c74407391c9"}
,"C:\\Users\\kumar\\Desktop\\namaste-react\\src\\components\\Header.js": {"path":"C:\\Users\\kumar\\Desktop\\namaste-react\\src\\components\\Header.js","statementMap":{"0":{"start":{"line":9,"column":15},"end":{"line":68,"column":5}},"1":{"start":{"line":10,"column":41},"end":{"line":10,"column":58}},"2":{"start":{"line":12,"column":21},"end":{"line":12,"column":38}},"3":{"start":{"line":14,"column":23},"end":{"line":14,"column":46}},"4":{"start":{"line":19,"column":18},"end":{"line":19,"column":58}},"5":{"start":{"line":19,"column":41},"end":{"line":19,"column":57}},"6":{"start":{"line":20,"column":0},"end":{"line":20,"column":23}},"7":{"start":{"line":22,"column":0},"end":{"line":23,"column":18}},"8":{"start":{"line":25,"column":0},"end":{"line":67,"column":2}},"9":{"start":{"line":56,"column":8},"end":{"line":58,"column":36}}},"fnMap":{"0":{"name":"(anonymous_0)","decl":{"start":{"line":9,"column":15},"end":{"line":9,"column":16}},"loc":{"start":{"line":9,"column":20},"end":{"line":68,"column":5}},"line":9},"1":{"name":"(anonymous_1)","decl":{"start":{"line":19,"column":30},"end":{"line":19,"column":31}},"loc":{"start":{"line":19,"column":41},"end":{"line":19,"column":57}},"line":19},"2":{"name":"(anonymous_2)","decl":{"start":{"line":22,"column":11},"end":{"line":22,"column":12}},"loc":{"start":{"line":22,"column":16},"end":{"line":23,"column":1}},"line":22},"3":{"name":"(anonymous_3)","decl":{"start":{"line":55,"column":15},"end":{"line":55,"column":16}},"loc":{"start":{"line":55,"column":21},"end":{"line":59,"column":5}},"line":55}},"branchMap":{"0":{"loc":{"start":{"line":33,"column":25},"end":{"line":33,"column":50}},"type":"cond-expr","locations":[{"start":{"line":33,"column":40},"end":{"line":33,"column":43}},{"start":{"line":33,"column":46},"end":{"line":33,"column":50}}],"line":33},"1":{"loc":{"start":{"line":56,"column":8},"end":{"line":58,"column":35}},"type":"cond-expr","locations":[{"start":{"line":57,"column":9},"end":{"line":57,"column":35}},{"start":{"line":58,"column":10},"end":{"line":58,"column":35}}],"line":56}},"s":{"0":1,"1":3,"2":3,"3":3,"4":3,"5":6,"6":3,"7":3,"8":3,"9":0},"f":{"0":3,"1":6,"2":3,"3":0},"b":{"0":[3,0],"1":[0,0]},"_coverageSchema":"1a1c01bbd47fc00a2c39e90264f33305004495a9","hash":"de4ddb862c1480376f88047d501a0e1f0143c8f3"}
,"C:\\Users\\kumar\\Desktop\\namaste-react\\src\\components\\RestaurantCard.js": {"path":"C:\\Users\\kumar\\Desktop\\namaste-react\\src\\components\\RestaurantCard.js","statementMap":{"0":{"start":{"line":5,"column":23},"end":{"line":29,"column":2}},"1":{"start":{"line":6,"column":22},"end":{"line":6,"column":27}},"2":{"start":{"line":7,"column":27},"end":{"line":7,"column":50}},"3":{"start":{"line":9,"column":82},"end":{"line":9,"column":95}},"4":{"start":{"line":11,"column":1},"end":{"line":28,"column":3}}},"fnMap":{"0":{"name":"(anonymous_0)","decl":{"start":{"line":5,"column":23},"end":{"line":5,"column":24}},"loc":{"start":{"line":5,"column":33},"end":{"line":29,"column":2}},"line":5}},"branchMap":{},"s":{"0":2,"1":21,"2":21,"3":21,"4":21},"f":{"0":21},"b":{},"_coverageSchema":"1a1c01bbd47fc00a2c39e90264f33305004495a9","hash":"00675b356f8793ceeefb4577713efc36fdd6cd12"}
,"C:\\Users\\kumar\\Desktop\\namaste-react\\src\\components\\sum.js": {"path":"C:\\Users\\kumar\\Desktop\\namaste-react\\src\\components\\sum.js","statementMap":{"0":{"start":{"line":1,"column":19},"end":{"line":3,"column":1}},"1":{"start":{"line":2,"column":4},"end":{"line":2,"column":17}}},"fnMap":{"0":{"name":"(anonymous_0)","decl":{"start":{"line":1,"column":19},"end":{"line":1,"column":20}},"loc":{"start":{"line":1,"column":28},"end":{"line":3,"column":1}},"line":1}},"branchMap":{},"s":{"0":1,"1":1},"f":{"0":1},"b":{},"_coverageSchema":"1a1c01bbd47fc00a2c39e90264f33305004495a9","hash":"b7da7ff0c307e200544e19172bcd09ab196330cb"}
,"C:\\Users\\kumar\\Desktop\\namaste-react\\src\\utils\\appStore.js": {"path":"C:\\Users\\kumar\\Desktop\\namaste-react\\src\\utils\\appStore.js","statementMap":{"0":{"start":{"line":4,"column":17},"end":{"line":8,"column":2}}},"fnMap":{},"branchMap":{},"s":{"0":1},"f":{},"b":{},"_coverageSchema":"1a1c01bbd47fc00a2c39e90264f33305004495a9","hash":"aba2eb32089664afcba0696de761f18ef582993b"}
}
