TN:
SF:src\components\Body.js
FN:9,(anonymous_0)
FN:18,(anonymous_1)
FN:22,(anonymous_2)
FN:57,(anonymous_3)
FN:62,(anonymous_4)
FN:67,(anonymous_5)
FN:79,(anonymous_6)
FN:82,(anonymous_7)
FN:94,(anonymous_8)
FN:99,(anonymous_9)
FNF:10
FNH:4
FNDA:2,(anonymous_0)
FNDA:1,(anonymous_1)
FNDA:1,(anonymous_2)
FNDA:0,(anonymous_3)
FNDA:0,(anonymous_4)
FNDA:0,(anonymous_5)
FNDA:0,(anonymous_6)
FNDA:0,(anonymous_7)
FNDA:0,(anonymous_8)
FNDA:20,(anonymous_9)
DA:9,1
DA:11,2
DA:13,2
DA:15,2
DA:18,2
DA:19,1
DA:22,2
DA:23,1
DA:27,1
DA:28,1
DA:31,1
DA:32,1
DA:36,2
DA:38,2
DA:39,0
DA:45,2
DA:49,2
DA:58,0
DA:66,0
DA:67,0
DA:70,0
DA:81,0
DA:82,0
DA:85,0
DA:94,0
DA:100,20
LF:26
LH:17
BRDA:38,0,0,0
BRDA:38,0,1,2
BRDA:49,1,0,1
BRDA:49,1,1,1
BRF:4
BRH:3
end_of_record
TN:
SF:src\components\Contact.js
FN:1,(anonymous_0)
FNF:1
FNH:1
FNDA:4,(anonymous_0)
DA:1,1
DA:2,4
LF:2
LH:2
BRF:0
BRH:0
end_of_record
TN:
SF:src\components\Header.js
FN:9,(anonymous_0)
FN:19,(anonymous_1)
FN:22,(anonymous_2)
FN:55,(anonymous_3)
FNF:4
FNH:3
FNDA:3,(anonymous_0)
FNDA:6,(anonymous_1)
FNDA:3,(anonymous_2)
FNDA:0,(anonymous_3)
DA:9,1
DA:10,3
DA:12,3
DA:14,3
DA:19,6
DA:20,3
DA:22,3
DA:25,3
DA:56,0
LF:9
LH:8
BRDA:33,0,0,3
BRDA:33,0,1,0
BRDA:56,1,0,0
BRDA:56,1,1,0
BRF:4
BRH:1
end_of_record
TN:
SF:src\components\RestaurantCard.js
FN:5,(anonymous_0)
FNF:1
FNH:1
FNDA:21,(anonymous_0)
DA:5,2
DA:6,21
DA:7,21
DA:9,21
DA:11,21
LF:5
LH:5
BRF:0
BRH:0
end_of_record
TN:
SF:src\components\sum.js
FN:1,(anonymous_0)
FNF:1
FNH:1
FNDA:1,(anonymous_0)
DA:1,1
DA:2,1
LF:2
LH:2
BRF:0
BRH:0
end_of_record
TN:
SF:src\utils\appStore.js
FNF:0
FNH:0
DA:4,1
LF:1
LH:1
BRF:0
BRH:0
end_of_record
